[32m  INFO[0m: Launching config: "/home/darko-bunny/.config/quickshell/x-shell/shell.qml"
[32m  INFO[0m: Shell ID: "99ba252852e471752f8e671c1fb1b4df" Path ID "99ba252852e471752f8e671c1fb1b4df"
[32m  INFO[0m: Saving logs to "/run/user/1000/quickshell/by-id/xdt48ls47t/log.qslog"
[33m  WARN[0m: QFont::fromString: Invalid description '(empty)'
[33m  WARN[97m quickshell.dbus.objectmanager[0m: Failed to create DBusObjectManagerInterface for "org.bluez" "/" : QDBusError("", "")
[32m  INFO[0m: Configuration Loaded
[33m  WARN[97m scene[0m: QML FileView at @config/Config.qml[34:5]: Read of /home/darko-bunny/.config/caelestia/shell.json failed: File does not exist.
[34m DEBUG[97m qml[0m: [Brightness] Gamma backend detected: gammastep
[33m  WARN[0m: ShaderEffect: 'source' does not have a matching property
[33m  WARN[0m: ShaderEffect: 'source' does not have a matching property
[33m  WARN[0m: ShaderEffect: 'source' does not have a matching property
[33m  WARN[0m: ShaderEffect: 'source' does not have a matching property
[33m  WARN[0m: ShaderEffect: 'source' does not have a matching property
[33m  WARN[0m: ShaderEffect: 'source' does not have a matching property
[33m  WARN[0m: ShaderEffect: 'source' does not have a matching property
[33m  WARN[0m: ShaderEffect: 'source' does not have a matching property
[33m  WARN[0m: ShaderEffect: 'source' does not have a matching property
[33m  WARN[0m: ShaderEffect: 'source' does not have a matching property
[33m  WARN[0m: ShaderEffect: 'source' does not have a matching property
[33m  WARN[0m: ShaderEffect: 'source' does not have a matching property
[33m  WARN[0m: ShaderEffect: 'source' does not have a matching property
[33m  WARN[0m: ShaderEffect: 'source' does not have a matching property
[33m  WARN[0m: ShaderEffect: 'source' does not have a matching property
[33m  WARN[0m: ShaderEffect: 'source' does not have a matching property
[33m  WARN[0m: ShaderEffect: 'source' does not have a matching property
[33m  WARN[0m: ShaderEffect: 'source' does not have a matching property
[33m  WARN[0m: ShaderEffect: 'source' does not have a matching property
[33m  WARN[0m: ShaderEffect: 'source' does not have a matching property
[33m  WARN[0m: ShaderEffect: 'source' does not have a matching property
[33m  WARN[0m: ShaderEffect: 'source' does not have a matching property
[33m  WARN[97m scene[0m: @modules/topworkspaces/HorizontalWorkspace.qml[159:21]: Unable to assign [undefined] to QString
[34m DEBUG[97m qml[0m: [Hardware] Setting RGB mode to: Breathing
[34m DEBUG[97m qml[0m: [Hardware] Setting RGB mode to: Spectrum Cycle
[34m DEBUG[97m qml[0m: [Hardware] Setting RGB mode to: Rainbow Wave
[34m DEBUG[97m qml[0m: [Hardware] Setting RGB mode to: Direct
[34m DEBUG[97m qml[0m: [Hardware] Setting RGB mode to: Breathing
[34m DEBUG[97m qml[0m: [Hardware] Setting RGB mode to: Spectrum Cycle
[34m DEBUG[97m qml[0m: [Hardware] Setting RGB enabled: false
[34m DEBUG[97m qml[0m: [Hardware] Setting all RGB colors
[34m DEBUG[97m qml[0m: [Hardware] OpenRGB output length: 1066 exit: 0
[34m DEBUG[97m qml[0m: [Hardware] RGB keyboard detected!
[33m  WARN[0m: ShaderEffect: 'source' does not have a matching property
[33m  WARN[0m: ShaderEffect: 'source' does not have a matching property
[33m  WARN[0m: ShaderEffect: 'source' does not have a matching property
[33m  WARN[0m: ShaderEffect: 'source' does not have a matching property
[33m  WARN[0m: ShaderEffect: 'source' does not have a matching property
[33m  WARN[0m: ShaderEffect: 'source' does not have a matching property
[33m  WARN[0m: ShaderEffect: 'source' does not have a matching property
[33m  WARN[0m: ShaderEffect: 'source' does not have a matching property
[33m  WARN[0m: ShaderEffect: 'source' does not have a matching property
[33m  WARN[0m: ShaderEffect: 'source' does not have a matching property
[33m  WARN[0m: ShaderEffect: 'source' does not have a matching property
[33m  WARN[0m: ShaderEffect: 'source' does not have a matching property
[33m  WARN[0m: ShaderEffect: 'source' does not have a matching property
[33m  WARN[0m: ShaderEffect: 'source' does not have a matching property
[33m  WARN[0m: ShaderEffect: 'source' does not have a matching property
[33m  WARN[0m: ShaderEffect: 'source' does not have a matching property
[33m  WARN[0m: ShaderEffect: 'source' does not have a matching property
[33m  WARN[0m: ShaderEffect: 'source' does not have a matching property
[33m  WARN[0m: ShaderEffect: 'source' does not have a matching property
[33m  WARN[0m: ShaderEffect: 'source' does not have a matching property
[33m  WARN[0m: ShaderEffect: 'source' does not have a matching property
[33m  WARN[97m scene[0m: @modules/controlcenter/bluetooth/Settings.qml[287:-1]: TypeError: Cannot read property 'discoverableTimeout' of null
[33m  WARN[97m scene[0m: @modules/controlcenter/bluetooth/Settings.qml[348:-1]: TypeError: Cannot read property 'name' of null
[33m  WARN[0m: ShaderEffect: 'source' does not have a matching property
[33m  WARN[0m: ShaderEffect: 'source' does not have a matching property
[33m  WARN[0m: ShaderEffect: 'source' does not have a matching property
[33m  WARN[0m: ShaderEffect: 'source' does not have a matching property
[33m  WARN[0m: ShaderEffect: 'source' does not have a matching property
[33m  WARN[0m: ShaderEffect: 'source' does not have a matching property
[33m  WARN[0m: ShaderEffect: 'source' does not have a matching property
[33m  WARN[0m: ShaderEffect: 'source' does not have a matching property
[33m  WARN[0m: ShaderEffect: 'source' does not have a matching property
[33m  WARN[0m: ShaderEffect: 'source' does not have a matching property
[33m  WARN[0m: ShaderEffect: 'source' does not have a matching property
[33m  WARN[0m: ShaderEffect: 'source' does not have a matching property
[33m  WARN[0m: ShaderEffect: 'source' does not have a matching property
[33m  WARN[0m: ShaderEffect: 'source' does not have a matching property
[33m  WARN[0m: ShaderEffect: 'source' does not have a matching property
